\BOOKMARK [1][-]{section.1}{\376\377\000I\000n\000t\000r\000o\000d\000u\000c\000t\000i\000o\000n}{}% 1
\BOOKMARK [1][-]{section.2}{\376\377\000R\000e\000l\000a\000t\000e\000d\000\040\000r\000e\000s\000e\000a\000r\000c\000h}{}% 2
\BOOKMARK [1][-]{section.3}{\376\377\000W\000h\000i\000c\000h\000\040\000p\000e\000r\000m\000i\000s\000s\000i\000o\000n\000s\000\040\000d\000o\000e\000s\000\040\000F\000a\000c\000e\000b\000o\000o\000k\000\040\000a\000c\000t\000u\000a\000l\000l\000y\000\040\000g\000i\000v\000e\000?}{}% 3
\BOOKMARK [2][-]{subsection.3.1}{\376\377\000M\000e\000t\000h\000o\000d\000o\000l\000o\000g\000y}{section.3}% 4
\BOOKMARK [3][-]{subsubsection.3.1.1}{\376\377\000G\000e\000t\000t\000i\000n\000g\000\040\000d\000a\000t\000a\000\040\000f\000r\000o\000m\000\040\000r\000e\000a\000l\000\040\000s\000i\000t\000e\000s}{subsection.3.1}% 5
\BOOKMARK [2][-]{subsection.3.2}{\376\377\000H\000o\000w\000\040\000d\000e\000v\000e\000l\000o\000p\000e\000r\000s\000\040\000r\000e\000q\000u\000e\000s\000t\000\040\000p\000e\000r\000m\000i\000s\000s\000i\000o\000n\000s}{section.3}% 6
\BOOKMARK [2][-]{subsection.3.3}{\376\377\000H\000o\000w\000\040\000F\000a\000c\000e\000b\000o\000o\000k\000\040\000c\000r\000e\000a\000t\000e\000s\000\040\000t\000h\000e\000\040\000p\000e\000r\000m\000i\000s\000s\000i\000o\000n\000s\000\040\000r\000e\000q\000u\000e\000s\000t}{section.3}% 7
\BOOKMARK [3][-]{subsubsection.3.3.1}{\376\377\000I\000d\000e\000n\000t\000i\000f\000y\000i\000n\000g\000\040\000t\000h\000e\000\040\000a\000c\000t\000u\000a\000l\000\040\000p\000e\000r\000m\000i\000s\000s\000i\000o\000n\000s\000\040\000b\000e\000i\000n\000g\000\040\000r\000e\000q\000u\000e\000s\000t\000e\000d}{subsection.3.3}% 8
\BOOKMARK [3][-]{subsubsection.3.3.2}{\376\377\000D\000i\000f\000f\000e\000r\000e\000n\000c\000e\000s\000\040\000f\000r\000o\000m\000\040\000w\000h\000a\000t\000\040\000t\000h\000e\000\040\000d\000e\000v\000e\000l\000o\000p\000e\000r\000\040\000r\000e\000q\000u\000e\000s\000t\000e\000d}{subsection.3.3}% 9
\BOOKMARK [2][-]{subsection.3.4}{\376\377\000H\000o\000w\000\040\000p\000e\000r\000m\000i\000s\000s\000i\000o\000n\000s\000\040\000a\000r\000e\000\040\000p\000r\000e\000s\000e\000n\000t\000e\000d\000\040\000t\000o\000\040\000t\000h\000e\000\040\000u\000s\000e\000r}{section.3}% 10
\BOOKMARK [2][-]{subsection.3.5}{\376\377\000D\000i\000s\000c\000u\000s\000s\000i\000o\000n}{section.3}% 11
\BOOKMARK [2][-]{subsection.3.6}{\376\377\000F\000a\000c\000e\000b\000o\000o\000k\000'\000s\000\040\000r\000e\000s\000p\000o\000n\000s\000e}{section.3}% 12
\BOOKMARK [1][-]{section.4}{\376\377\000U\000s\000e\000r\000s\000'\000\040\000u\000n\000d\000e\000r\000s\000t\000a\000n\000d\000i\000n\000g\000\040\000o\000f\000\040\000p\000e\000r\000m\000i\000s\000s\000i\000o\000n\000s}{}% 13
\BOOKMARK [2][-]{subsection.4.1}{\376\377\000M\000e\000t\000h\000o\000d\000o\000l\000o\000g\000y}{section.4}% 14
\BOOKMARK [3][-]{subsubsection.4.1.1}{\376\377\000P\000i\000l\000o\000t\000s}{subsection.4.1}% 15
\BOOKMARK [3][-]{subsubsection.4.1.2}{\376\377\000F\000i\000n\000a\000l\000\040\000s\000u\000r\000v\000e\000y}{subsection.4.1}% 16
\BOOKMARK [3][-]{subsubsection.4.1.3}{\376\377\000A\000d\000d\000i\000t\000i\000o\000n\000a\000l\000\040\000s\000u\000r\000v\000e\000y\000\040\000f\000o\000r\000\040\000r\000e\000a\000d\000\040\000p\000e\000r\000m\000i\000s\000s\000i\000o\000n\000s}{subsection.4.1}% 17
\BOOKMARK [2][-]{subsection.4.2}{\376\377\000A\000n\000a\000l\000y\000s\000i\000s\000\040\000o\000f\000\040\000s\000u\000r\000v\000e\000y\000\040\000r\000e\000s\000u\000l\000t\000s}{section.4}% 18
\BOOKMARK [3][-]{subsubsection.4.2.1}{\376\377\000R\000e\000a\000d\000\040\000p\000e\000r\000m\000i\000s\000s\000i\000o\000n\000s}{subsection.4.2}% 19
\BOOKMARK [3][-]{subsubsection.4.2.2}{\376\377\000W\000r\000i\000t\000e\000\040\000p\000e\000r\000m\000i\000s\000s\000i\000o\000n\000s}{subsection.4.2}% 20
\BOOKMARK [3][-]{subsubsection.4.2.3}{\376\377\000C\000o\000m\000p\000a\000r\000i\000s\000o\000n}{subsection.4.2}% 21
\BOOKMARK [3][-]{subsubsection.4.2.4}{\376\377\000A\000d\000d\000i\000t\000i\000o\000n\000a\000l\000\040\000r\000e\000a\000d\000\040\000p\000e\000r\000m\000i\000s\000s\000i\000o\000n\000s\000\040\000s\000u\000r\000v\000e\000y}{subsection.4.2}% 22
\BOOKMARK [2][-]{subsection.4.3}{\376\377\000D\000i\000s\000c\000u\000s\000s\000i\000o\000n}{section.4}% 23
\BOOKMARK [3][-]{subsubsection.4.3.1}{\376\377\000L\000i\000m\000i\000t\000a\000t\000i\000o\000n\000s}{subsection.4.3}% 24
\BOOKMARK [1][-]{section.5}{\376\377\000C\000o\000m\000p\000a\000r\000i\000s\000o\000n\000\040\000t\000o\000\040\000o\000t\000h\000e\000r\000\040\000S\000S\000O\000\040\000i\000m\000p\000l\000e\000m\000e\000n\000t\000a\000t\000i\000o\000n\000s}{}% 25
\BOOKMARK [1][-]{section.6}{\376\377\000F\000u\000t\000u\000r\000e\000\040\000a\000r\000e\000a\000s\000\040\000f\000o\000r\000\040\000r\000e\000s\000e\000a\000r\000c\000h}{}% 26
\BOOKMARK [1][-]{section.7}{\376\377\000C\000o\000n\000c\000l\000u\000s\000i\000o\000n\000s}{}% 27
\BOOKMARK [1][-]{appendix.A}{\376\377\000F\000u\000l\000l\000\040\000m\000e\000s\000s\000a\000g\000e\000\040\000d\000e\000c\000o\000d\000i\000n\000g\000\040\000t\000a\000b\000l\000e\000s}{}% 28
\BOOKMARK [1][-]{appendix.B}{\376\377\000S\000u\000r\000v\000e\000y\000s}{}% 29
\BOOKMARK [2][-]{subsection.B.1}{\376\377\000I\000n\000i\000t\000i\000a\000l\000\040\000q\000u\000e\000s\000t\000i\000o\000n}{appendix.B}% 30
\BOOKMARK [2][-]{subsection.B.2}{\376\377\000R\000e\000a\000d\000\040\000p\000e\000r\000m\000i\000s\000s\000i\000o\000n\000s\000\040\000s\000u\000r\000v\000e\000y\000s}{appendix.B}% 31
\BOOKMARK [2][-]{subsection.B.3}{\376\377\000W\000r\000i\000t\000e\000\040\000p\000e\000r\000m\000i\000s\000s\000i\000o\000n\000s\000\040\000s\000u\000r\000v\000e\000y\000s}{appendix.B}% 32
\BOOKMARK [2][-]{subsection.B.4}{\376\377\000A\000d\000d\000i\000t\000i\000o\000n\000a\000l\000\040\000r\000e\000a\000d\000\040\000p\000e\000r\000m\000i\000s\000s\000i\000o\000n\000s\000\040\000s\000u\000r\000v\000e\000y}{appendix.B}% 33
\BOOKMARK [1][-]{appendix.C}{\376\377\000C\000o\000r\000r\000e\000s\000p\000o\000n\000d\000e\000n\000c\000e\000\040\000w\000i\000t\000h\000\040\000F\000a\000c\000e\000b\000o\000o\000k\000\040\000S\000e\000c\000u\000r\000i\000t\000y}{}% 34
